<?xml version="1.0" encoding="utf-8"?><testsuites><testsuite name="pytest" errors="0" failures="0" skipped="0" tests="3" time="75.984" timestamp="2025-03-06T15:20:58.273813+02:00" hostname="OmaR_HakiM"><testcase classname="test_End2End.TestOne" name="test_do_shopping" time="41.990" /><testcase classname="test_HomePage.TestHomePage" name="test_formSubmission[get_data0]" time="28.576" /><testcase classname="test_HomePage.TestHomePage" name="test_formSubmission[get_data1]" time="5.278" /></testsuite></testsuites>